[2024-05-29 06:23:47] local.ERROR: Please provide a valid cache path. {"exception":"[object] (InvalidArgumentException(code: 0): Please provide a valid cache path. at /run/media/Shared/Coding/RAMO Projects/JulieTailor/crm-1/vendor/laravel/framework/src/Illuminate/View/Compilers/Compiler.php:36)
[stacktrace]
#0 /run/media/Shared/Coding/RAMO Projects/JulieTailor/crm-1/vendor/laravel/framework/src/Illuminate/View/ViewServiceProvider.php(91): Illuminate\\View\\Compilers\\Compiler->__construct()
#1 /run/media/Shared/Coding/RAMO Projects/JulieTailor/crm-1/vendor/laravel/framework/src/Illuminate/Container/Container.php(805): Illuminate\\View\\ViewServiceProvider->Illuminate\\View\\{closure}()
#2 /run/media/Shared/Coding/RAMO Projects/JulieTailor/crm-1/vendor/laravel/framework/src/Illuminate/Container/Container.php(691): Illuminate\\Container\\Container->build()
#3 /run/media/Shared/Coding/RAMO Projects/JulieTailor/crm-1/vendor/laravel/framework/src/Illuminate/Foundation/Application.php(796): Illuminate\\Container\\Container->resolve()
#4 /run/media/Shared/Coding/RAMO Projects/JulieTailor/crm-1/vendor/laravel/framework/src/Illuminate/Container/Container.php(637): Illuminate\\Foundation\\Application->resolve()
#5 /run/media/Shared/Coding/RAMO Projects/JulieTailor/crm-1/vendor/laravel/framework/src/Illuminate/Foundation/Application.php(781): Illuminate\\Container\\Container->make()
#6 /run/media/Shared/Coding/RAMO Projects/JulieTailor/crm-1/vendor/laravel/framework/src/Illuminate/Container/Container.php(1283): Illuminate\\Foundation\\Application->make()
#7 /run/media/Shared/Coding/RAMO Projects/JulieTailor/crm-1/vendor/laravel/framework/src/Illuminate/View/ViewServiceProvider.php(151): Illuminate\\Container\\Container->offsetGet()
#8 [internal function]: Illuminate\\View\\ViewServiceProvider->Illuminate\\View\\{closure}()
#9 /run/media/Shared/Coding/RAMO Projects/JulieTailor/crm-1/vendor/laravel/framework/src/Illuminate/View/Engines/EngineResolver.php(55): call_user_func()
#10 /run/media/Shared/Coding/RAMO Projects/JulieTailor/crm-1/vendor/facade/ignition/src/IgnitionServiceProvider.php(467): Illuminate\\View\\Engines\\EngineResolver->resolve()
#11 /run/media/Shared/Coding/RAMO Projects/JulieTailor/crm-1/vendor/facade/ignition/src/IgnitionServiceProvider.php(158): Facade\\Ignition\\IgnitionServiceProvider->hasCustomViewEnginesRegistered()
#12 /run/media/Shared/Coding/RAMO Projects/JulieTailor/crm-1/vendor/facade/ignition/src/IgnitionServiceProvider.php(101): Facade\\Ignition\\IgnitionServiceProvider->registerViewEngines()
#13 /run/media/Shared/Coding/RAMO Projects/JulieTailor/crm-1/vendor/laravel/framework/src/Illuminate/Container/BoundMethod.php(36): Facade\\Ignition\\IgnitionServiceProvider->boot()
#14 /run/media/Shared/Coding/RAMO Projects/JulieTailor/crm-1/vendor/laravel/framework/src/Illuminate/Container/Util.php(37): Illuminate\\Container\\BoundMethod::Illuminate\\Container\\{closure}()
#15 /run/media/Shared/Coding/RAMO Projects/JulieTailor/crm-1/vendor/laravel/framework/src/Illuminate/Container/BoundMethod.php(93): Illuminate\\Container\\Util::unwrapIfClosure()
#16 /run/media/Shared/Coding/RAMO Projects/JulieTailor/crm-1/vendor/laravel/framework/src/Illuminate/Container/BoundMethod.php(37): Illuminate\\Container\\BoundMethod::callBoundMethod()
#17 /run/media/Shared/Coding/RAMO Projects/JulieTailor/crm-1/vendor/laravel/framework/src/Illuminate/Container/Container.php(596): Illuminate\\Container\\BoundMethod::call()
#18 /run/media/Shared/Coding/RAMO Projects/JulieTailor/crm-1/vendor/laravel/framework/src/Illuminate/Foundation/Application.php(867): Illuminate\\Container\\Container->call()
#19 /run/media/Shared/Coding/RAMO Projects/JulieTailor/crm-1/vendor/laravel/framework/src/Illuminate/Foundation/Application.php(850): Illuminate\\Foundation\\Application->bootProvider()
#20 [internal function]: Illuminate\\Foundation\\Application->Illuminate\\Foundation\\{closure}()
#21 /run/media/Shared/Coding/RAMO Projects/JulieTailor/crm-1/vendor/laravel/framework/src/Illuminate/Foundation/Application.php(851): array_walk()
#22 /run/media/Shared/Coding/RAMO Projects/JulieTailor/crm-1/vendor/laravel/framework/src/Illuminate/Foundation/Bootstrap/BootProviders.php(17): Illuminate\\Foundation\\Application->boot()
#23 /run/media/Shared/Coding/RAMO Projects/JulieTailor/crm-1/vendor/laravel/framework/src/Illuminate/Foundation/Application.php(230): Illuminate\\Foundation\\Bootstrap\\BootProviders->bootstrap()
#24 /run/media/Shared/Coding/RAMO Projects/JulieTailor/crm-1/vendor/laravel/framework/src/Illuminate/Foundation/Console/Kernel.php(310): Illuminate\\Foundation\\Application->bootstrapWith()
#25 /run/media/Shared/Coding/RAMO Projects/JulieTailor/crm-1/vendor/laravel/framework/src/Illuminate/Foundation/Console/Kernel.php(127): Illuminate\\Foundation\\Console\\Kernel->bootstrap()
#26 /run/media/Shared/Coding/RAMO Projects/JulieTailor/crm-1/artisan(37): Illuminate\\Foundation\\Console\\Kernel->handle()
#27 {main}
"} 
